<?xml version="1.0" encoding="UTF-8"?>
<!-- Generated by org.testng.reporters.JUnitReportReporter -->
<testsuite hostname="DESKTOP-CSDM7LP" failures="0" tests="2" name="test.AutomationBasics.TestNGExample" time="0.027" errors="0" timestamp="13 Apr 2024 14:56:31 GMT" skipped="0">
  <testcase classname="test.AutomationBasics.TestNGExample" name="firstTest" time="0.015"/>
  <testcase classname="test.AutomationBasics.TestNGExample" name="secondTest" time="0.012"/>
</testsuite> <!-- test.AutomationBasics.TestNGExample -->
