<?xml version="1.0" encoding="UTF-8"?>
<!-- Generated by org.testng.reporters.JUnitReportReporter -->
<testsuite hostname="DESKTOP-CSDM7LP" failures="0" tests="1" name="test.AutomationBasics.FirstAutomation" time="8.102" errors="0" timestamp="09 Apr 2024 20:21:20 GMT" skipped="0">
  <testcase classname="test.AutomationBasics.FirstAutomation" name="firstTest" time="8.102"/>
</testsuite> <!-- test.AutomationBasics.FirstAutomation -->
