<?xml version="1.0" encoding="UTF-8"?>
<!-- Generated by org.testng.reporters.JUnitReportReporter -->
<testsuite hostname="DESKTOP-CSDM7LP" failures="0" tests="1" name="test.AutomationBasics.LocatorsExample" time="15.606" errors="0" timestamp="13 Apr 2024 19:43:13 GMT" skipped="0">
  <testcase classname="test.AutomationBasics.LocatorsExample" name="testLocators" time="15.606"/>
</testsuite> <!-- test.AutomationBasics.LocatorsExample -->
